# JRE version: Java(TM) SE Runtime Environment (17.0.12+8) (build 17.0.12+8-LTS-286)
# Java VM: Java HotSpot(TM) 64-Bit Server VM (17.0.12+8-LTS-286, mixed mode, sharing, tiered, compressed oops, compressed class ptrs, g1 gc, windows-amd64)
GC Precious Log:
 CPUs: 4 total, 4 available
 Memory: 8067M
 Large Page Support: Disabled
 NUMA Support: Disabled
 Compressed Oops: Enabled (Zero based)
 Heap Region Size: 4M
 Heap Min Capacity: 8M
 Heap Initial Capacity: 128M
 Heap Max Capacity: 8G
 Pre-touch: Disabled
 Parallel Workers: 4
 Concurrent Workers: 1
 Concurrent Refinement Workers: 4
 Periodic GC: Disabled
Heap:
 garbage-first heap   total 794624K, used 503159K [0x0000000600000000, 0x0000000800000000)
  region size 4096K, 75 young (307200K), 7 survivors (28672K)
 Metaspace       used 92280K, committed 93184K, reserved 1179648K
  class space    used 12460K, committed 12928K, reserved 1048576K
GC Heap History (20 events):
Event: 130.901 GC heap before
{Heap before GC invocations=82 (full 0):
 garbage-first heap   total 548864K, used 465812K [0x0000000600000000, 0x0000000800000000)
  region size 4096K, 67 young (274432K), 2 survivors (8192K)
 Metaspace       used 92134K, committed 92992K, reserved 1179648K
  class space    used 12459K, committed 12928K, reserved 1048576K
}
Event: 130.918 GC heap after
{Heap after GC invocations=83 (full 0):
 garbage-first heap   total 548864K, used 204296K [0x0000000600000000, 0x0000000800000000)
  region size 4096K, 3 young (12288K), 3 survivors (12288K)
 Metaspace       used 92134K, committed 92992K, reserved 1179648K
  class space    used 12459K, committed 12928K, reserved 1048576K
}
Event: 131.552 GC heap before
{Heap before GC invocations=83 (full 0):
 garbage-first heap   total 548864K, used 462344K [0x0000000600000000, 0x0000000800000000)
  region size 4096K, 67 young (274432K), 3 survivors (12288K)
 Metaspace       used 92136K, committed 92992K, reserved 1179648K
  class space    used 12459K, committed 12928K, reserved 1048576K
}
Event: 131.569 GC heap after
{Heap after GC invocations=84 (full 0):
 garbage-first heap   total 548864K, used 202778K [0x0000000600000000, 0x0000000800000000)
  region size 4096K, 3 young (12288K), 3 survivors (12288K)
 Metaspace       used 92136K, committed 92992K, reserved 1179648K
  class space    used 12459K, committed 12928K, reserved 1048576K
}
Event: 136.808 GC heap before
{Heap before GC invocations=84 (full 0):
 garbage-first heap   total 548864K, used 469018K [0x0000000600000000, 0x0000000800000000)
  region size 4096K, 68 young (278528K), 3 survivors (12288K)
 Metaspace       used 92185K, committed 93120K, reserved 1179648K
  class space    used 12459K, committed 12928K, reserved 1048576K
}
Event: 136.821 GC heap after
{Heap after GC invocations=85 (full 0):
 garbage-first heap   total 548864K, used 200998K [0x0000000600000000, 0x0000000800000000)
  region size 4096K, 2 young (8192K), 2 survivors (8192K)
 Metaspace       used 92185K, committed 93120K, reserved 1179648K
  class space    used 12459K, committed 12928K, reserved 1048576K
}
Event: 139.472 GC heap before
{Heap before GC invocations=85 (full 0):
 garbage-first heap   total 548864K, used 475430K [0x0000000600000000, 0x0000000800000000)
  region size 4096K, 69 young (282624K), 2 survivors (8192K)
 Metaspace       used 92193K, committed 93120K, reserved 1179648K
  class space    used 12460K, committed 12928K, reserved 1048576K
}
Event: 139.495 GC heap after
{Heap after GC invocations=86 (full 0):
 garbage-first heap   total 548864K, used 201559K [0x0000000600000000, 0x0000000800000000)
  region size 4096K, 3 young (12288K), 3 survivors (12288K)
 Metaspace       used 92193K, committed 93120K, reserved 1179648K
  class space    used 12460K, committed 12928K, reserved 1048576K
}
Event: 141.283 GC heap before
{Heap before GC invocations=86 (full 0):
 garbage-first heap   total 548864K, used 471895K [0x0000000600000000, 0x0000000800000000)
  region size 4096K, 69 young (282624K), 3 survivors (12288K)
 Metaspace       used 92259K, committed 93184K, reserved 1179648K
  class space    used 12460K, committed 12928K, reserved 1048576K
}
Event: 141.322 GC heap after
{Heap after GC invocations=87 (full 0):
 garbage-first heap   total 548864K, used 216119K [0x0000000600000000, 0x0000000800000000)
  region size 4096K, 5 young (20480K), 5 survivors (20480K)
 Metaspace       used 92259K, committed 93184K, reserved 1179648K
  class space    used 12460K, committed 12928K, reserved 1048576K
}
Event: 142.698 GC heap before
{Heap before GC invocations=87 (full 0):
 garbage-first heap   total 548864K, used 465975K [0x0000000600000000, 0x0000000800000000)
  region size 4096K, 66 young (270336K), 5 survivors (20480K)
 Metaspace       used 92261K, committed 93184K, reserved 1179648K
  class space    used 12460K, committed 12928K, reserved 1048576K
}
Event: 142.748 GC heap after
{Heap after GC invocations=88 (full 0):
 garbage-first heap   total 659456K, used 218313K [0x0000000600000000, 0x0000000800000000)
  region size 4096K, 6 young (24576K), 6 survivors (24576K)
 Metaspace       used 92261K, committed 93184K, reserved 1179648K
  class space    used 12460K, committed 12928K, reserved 1048576K
}
Event: 144.914 GC heap before
{Heap before GC invocations=88 (full 0):
 garbage-first heap   total 659456K, used 558281K [0x0000000600000000, 0x0000000800000000)
  region size 4096K, 89 young (364544K), 6 survivors (24576K)
 Metaspace       used 92264K, committed 93184K, reserved 1179648K
  class space    used 12460K, committed 12928K, reserved 1048576K
}
Event: 144.957 GC heap after
{Heap after GC invocations=89 (full 0):
 garbage-first heap   total 659456K, used 219308K [0x0000000600000000, 0x0000000800000000)
  region size 4096K, 6 young (24576K), 6 survivors (24576K)
 Metaspace       used 92264K, committed 93184K, reserved 1179648K
  class space    used 12460K, committed 12928K, reserved 1048576K
}
Event: 146.799 GC heap before
{Heap before GC invocations=89 (full 0):
 garbage-first heap   total 659456K, used 559276K [0x0000000600000000, 0x0000000800000000)
  region size 4096K, 89 young (364544K), 6 survivors (24576K)
 Metaspace       used 92266K, committed 93184K, reserved 1179648K
  class space    used 12460K, committed 12928K, reserved 1048576K
}
Event: 146.845 GC heap after
{Heap after GC invocations=90 (full 0):
 garbage-first heap   total 659456K, used 224703K [0x0000000600000000, 0x0000000800000000)
  region size 4096K, 7 young (28672K), 7 survivors (28672K)
 Metaspace       used 92266K, committed 93184K, reserved 1179648K
  class space    used 12460K, committed 12928K, reserved 1048576K
}
Event: 148.358 GC heap before
{Heap before GC invocations=90 (full 0):
 garbage-first heap   total 659456K, used 556479K [0x0000000600000000, 0x0000000800000000)
  region size 4096K, 88 young (360448K), 7 survivors (28672K)
 Metaspace       used 92271K, committed 93184K, reserved 1179648K
  class space    used 12460K, committed 12928K, reserved 1048576K
}
Event: 148.405 GC heap after
{Heap after GC invocations=91 (full 0):
 garbage-first heap   total 659456K, used 226306K [0x0000000600000000, 0x0000000800000000)
  region size 4096K, 6 young (24576K), 6 survivors (24576K)
 Metaspace       used 92271K, committed 93184K, reserved 1179648K
  class space    used 12460K, committed 12928K, reserved 1048576K
}
Event: 149.528 GC heap before
{Heap before GC invocations=91 (full 0):
 garbage-first heap   total 659456K, used 562178K [0x0000000600000000, 0x0000000800000000)
  region size 4096K, 88 young (360448K), 6 survivors (24576K)
 Metaspace       used 92271K, committed 93184K, reserved 1179648K
  class space    used 12460K, committed 12928K, reserved 1048576K
}
Event: 149.572 GC heap after
{Heap after GC invocations=92 (full 0):
 garbage-first heap   total 794624K, used 228727K [0x0000000600000000, 0x0000000800000000)
  region size 4096K, 7 young (28672K), 7 survivors (28672K)
 Metaspace       used 92271K, committed 93184K, reserved 1179648K
  class space    used 12460K, committed 12928K, reserved 1048576K
}

