# JRE version: Java(TM) SE Runtime Environment (17.0.12+8) (build 17.0.12+8-LTS-286)
# Java VM: Java HotSpot(TM) 64-Bit Server VM (17.0.12+8-LTS-286, mixed mode, sharing, tiered, compressed oops, compressed class ptrs, g1 gc, windows-amd64)
GC Precious Log:
 CPUs: 4 total, 4 available
 Memory: 8067M
 Large Page Support: Disabled
 NUMA Support: Disabled
 Compressed Oops: Enabled (Zero based)
 Heap Region Size: 4M
 Heap Min Capacity: 8M
 Heap Initial Capacity: 128M
 Heap Max Capacity: 8G
 Pre-touch: Disabled
 Parallel Workers: 4
 Concurrent Workers: 1
 Concurrent Refinement Workers: 4
 Periodic GC: Disabled
Heap:
 garbage-first heap   total 1286144K, used 1015314K [0x0000000600000000, 0x0000000800000000)
  region size 4096K, 126 young (516096K), 6 survivors (24576K)
 Metaspace       used 166461K, committed 168320K, reserved 1245184K
  class space    used 21874K, committed 22720K, reserved 1048576K
GC Heap History (20 events):
Event: 509.755 GC heap before
{Heap before GC invocations=96 (full 0):
 garbage-first heap   total 741376K, used 592987K [0x0000000600000000, 0x0000000800000000)
  region size 4096K, 52 young (212992K), 10 survivors (40960K)
 Metaspace       used 154011K, committed 155776K, reserved 1245184K
  class space    used 20496K, committed 21312K, reserved 1048576K
}
Event: 509.956 GC heap after
{Heap after GC invocations=97 (full 0):
 garbage-first heap   total 741376K, used 469734K [0x0000000600000000, 0x0000000800000000)
  region size 4096K, 7 young (28672K), 7 survivors (28672K)
 Metaspace       used 154011K, committed 155776K, reserved 1245184K
  class space    used 20496K, committed 21312K, reserved 1048576K
}
Event: 514.684 GC heap before
{Heap before GC invocations=98 (full 0):
 garbage-first heap   total 819200K, used 580326K [0x0000000600000000, 0x0000000800000000)
  region size 4096K, 36 young (147456K), 7 survivors (28672K)
 Metaspace       used 156265K, committed 158016K, reserved 1245184K
  class space    used 20880K, committed 21696K, reserved 1048576K
}
Event: 514.793 GC heap after
{Heap after GC invocations=99 (full 0):
 garbage-first heap   total 819200K, used 487424K [0x0000000600000000, 0x0000000800000000)
  region size 4096K, 5 young (20480K), 5 survivors (20480K)
 Metaspace       used 156265K, committed 158016K, reserved 1245184K
  class space    used 20880K, committed 21696K, reserved 1048576K
}
Event: 515.458 GC heap before
{Heap before GC invocations=99 (full 0):
 garbage-first heap   total 819200K, used 503808K [0x0000000600000000, 0x0000000800000000)
  region size 4096K, 10 young (40960K), 5 survivors (20480K)
 Metaspace       used 156746K, committed 158528K, reserved 1245184K
  class space    used 20942K, committed 21760K, reserved 1048576K
}
Event: 515.579 GC heap after
{Heap after GC invocations=100 (full 0):
 garbage-first heap   total 819200K, used 487664K [0x0000000600000000, 0x0000000800000000)
  region size 4096K, 2 young (8192K), 2 survivors (8192K)
 Metaspace       used 156746K, committed 158528K, reserved 1245184K
  class space    used 20942K, committed 21760K, reserved 1048576K
}
Event: 519.375 GC heap before
{Heap before GC invocations=100 (full 0):
 garbage-first heap   total 819200K, used 639216K [0x0000000600000000, 0x0000000800000000)
  region size 4096K, 40 young (163840K), 2 survivors (8192K)
 Metaspace       used 158576K, committed 160384K, reserved 1245184K
  class space    used 21022K, committed 21824K, reserved 1048576K
}
Event: 519.417 GC heap after
{Heap after GC invocations=101 (full 0):
 garbage-first heap   total 819200K, used 492344K [0x0000000600000000, 0x0000000800000000)
  region size 4096K, 3 young (12288K), 3 survivors (12288K)
 Metaspace       used 158576K, committed 160384K, reserved 1245184K
  class space    used 21022K, committed 21824K, reserved 1048576K
}
Event: 521.989 GC heap before
{Heap before GC invocations=101 (full 0):
 garbage-first heap   total 819200K, used 652088K [0x0000000600000000, 0x0000000800000000)
  region size 4096K, 43 young (176128K), 3 survivors (12288K)
 Metaspace       used 159012K, committed 160768K, reserved 1245184K
  class space    used 21036K, committed 21824K, reserved 1048576K
}
Event: 522.044 GC heap after
{Heap after GC invocations=102 (full 0):
 garbage-first heap   total 819200K, used 496338K [0x0000000600000000, 0x0000000800000000)
  region size 4096K, 4 young (16384K), 4 survivors (16384K)
 Metaspace       used 159012K, committed 160768K, reserved 1245184K
  class space    used 21036K, committed 21824K, reserved 1048576K
}
Event: 525.300 GC heap before
{Heap before GC invocations=102 (full 0):
 garbage-first heap   total 819200K, used 660178K [0x0000000600000000, 0x0000000800000000)
  region size 4096K, 45 young (184320K), 4 survivors (16384K)
 Metaspace       used 160391K, committed 162176K, reserved 1245184K
  class space    used 21173K, committed 22016K, reserved 1048576K
}
Event: 525.378 GC heap after
{Heap after GC invocations=103 (full 0):
 garbage-first heap   total 1286144K, used 508197K [0x0000000600000000, 0x0000000800000000)
  region size 4096K, 6 young (24576K), 6 survivors (24576K)
 Metaspace       used 160391K, committed 162176K, reserved 1245184K
  class space    used 21173K, committed 22016K, reserved 1048576K
}
Event: 534.278 GC heap before
{Heap before GC invocations=103 (full 0):
 garbage-first heap   total 1286144K, used 1016101K [0x0000000600000000, 0x0000000800000000)
  region size 4096K, 125 young (512000K), 6 survivors (24576K)
 Metaspace       used 161207K, committed 163072K, reserved 1245184K
  class space    used 21244K, committed 22080K, reserved 1048576K
}
Event: 534.413 GC heap after
{Heap after GC invocations=104 (full 0):
 garbage-first heap   total 1286144K, used 531959K [0x0000000600000000, 0x0000000800000000)
  region size 4096K, 12 young (49152K), 12 survivors (49152K)
 Metaspace       used 161207K, committed 163072K, reserved 1245184K
  class space    used 21244K, committed 22080K, reserved 1048576K
}
Event: 541.383 GC heap before
{Heap before GC invocations=104 (full 0):
 garbage-first heap   total 1286144K, used 998903K [0x0000000600000000, 0x0000000800000000)
  region size 4096K, 126 young (516096K), 12 survivors (49152K)
 Metaspace       used 162806K, committed 164672K, reserved 1245184K
  class space    used 21494K, committed 22336K, reserved 1048576K
}
Event: 541.484 GC heap after
{Heap after GC invocations=105 (full 0):
 garbage-first heap   total 1286144K, used 531633K [0x0000000600000000, 0x0000000800000000)
  region size 4096K, 6 young (24576K), 6 survivors (24576K)
 Metaspace       used 162806K, committed 164672K, reserved 1245184K
  class space    used 21494K, committed 22336K, reserved 1048576K
}
Event: 551.161 GC heap before
{Heap before GC invocations=105 (full 0):
 garbage-first heap   total 1286144K, used 1047729K [0x0000000600000000, 0x0000000800000000)
  region size 4096K, 132 young (540672K), 6 survivors (24576K)
 Metaspace       used 163471K, committed 165248K, reserved 1245184K
  class space    used 21538K, committed 22336K, reserved 1048576K
}
Event: 551.217 GC heap after
{Heap after GC invocations=106 (full 0):
 garbage-first heap   total 1286144K, used 537142K [0x0000000600000000, 0x0000000800000000)
  region size 4096K, 8 young (32768K), 8 survivors (32768K)
 Metaspace       used 163471K, committed 165248K, reserved 1245184K
  class space    used 21538K, committed 22336K, reserved 1048576K
}
Event: 560.443 GC heap before
{Heap before GC invocations=106 (full 0):
 garbage-first heap   total 1286144K, used 1073718K [0x0000000600000000, 0x0000000800000000)
  region size 4096K, 139 young (569344K), 8 survivors (32768K)
 Metaspace       used 165354K, committed 167168K, reserved 1245184K
  class space    used 21756K, committed 22592K, reserved 1048576K
}
Event: 560.493 GC heap after
{Heap after GC invocations=107 (full 0):
 garbage-first heap   total 1286144K, used 531986K [0x0000000600000000, 0x0000000800000000)
  region size 4096K, 6 young (24576K), 6 survivors (24576K)
 Metaspace       used 165354K, committed 167168K, reserved 1245184K
  class space    used 21756K, committed 22592K, reserved 1048576K
}

