# JRE version: Java(TM) SE Runtime Environment (17.0.12+8) (build 17.0.12+8-LTS-286)
# Java VM: Java HotSpot(TM) 64-Bit Server VM (17.0.12+8-LTS-286, mixed mode, sharing, tiered, compressed oops, compressed class ptrs, g1 gc, windows-amd64)
GC Precious Log:
 CPUs: 4 total, 4 available
 Memory: 8067M
 Large Page Support: Disabled
 NUMA Support: Disabled
 Compressed Oops: Enabled (Zero based)
 Heap Region Size: 4M
 Heap Min Capacity: 8M
 Heap Initial Capacity: 128M
 Heap Max Capacity: 8G
 Pre-touch: Disabled
 Parallel Workers: 4
 Concurrent Workers: 1
 Concurrent Refinement Workers: 4
 Periodic GC: Disabled
Heap:
 garbage-first heap   total 487424K, used 284301K [0x0000000600000000, 0x0000000800000000)
  region size 4096K, 4 young (16384K), 3 survivors (12288K)
 Metaspace       used 115227K, committed 116864K, reserved 1179648K
  class space    used 15970K, committed 16704K, reserved 1048576K
GC Heap History (20 events):
Event: 78.069 GC heap before
{Heap before GC invocations=65 (full 0):
 garbage-first heap   total 335872K, used 262208K [0x0000000600000000, 0x0000000800000000)
  region size 4096K, 21 young (86016K), 1 survivors (4096K)
 Metaspace       used 98154K, committed 99200K, reserved 1179648K
  class space    used 13793K, committed 14272K, reserved 1048576K
}
Event: 78.084 GC heap after
{Heap after GC invocations=66 (full 0):
 garbage-first heap   total 405504K, used 190304K [0x0000000600000000, 0x0000000800000000)
  region size 4096K, 3 young (12288K), 3 survivors (12288K)
 Metaspace       used 98154K, committed 99200K, reserved 1179648K
  class space    used 13793K, committed 14272K, reserved 1048576K
}
Event: 79.765 GC heap before
{Heap before GC invocations=66 (full 0):
 garbage-first heap   total 405504K, used 304992K [0x0000000600000000, 0x0000000800000000)
  region size 4096K, 32 young (131072K), 3 survivors (12288K)
 Metaspace       used 98362K, committed 99520K, reserved 1179648K
  class space    used 13814K, committed 14336K, reserved 1048576K
}
Event: 79.786 GC heap after
{Heap after GC invocations=67 (full 0):
 garbage-first heap   total 405504K, used 195174K [0x0000000600000000, 0x0000000800000000)
  region size 4096K, 3 young (12288K), 3 survivors (12288K)
 Metaspace       used 98362K, committed 99520K, reserved 1179648K
  class space    used 13814K, committed 14336K, reserved 1048576K
}
Event: 81.660 GC heap before
{Heap before GC invocations=67 (full 0):
 garbage-first heap   total 405504K, used 322150K [0x0000000600000000, 0x0000000800000000)
  region size 4096K, 35 young (143360K), 3 survivors (12288K)
 Metaspace       used 98558K, committed 99648K, reserved 1179648K
  class space    used 13835K, committed 14336K, reserved 1048576K
}
Event: 81.688 GC heap after
{Heap after GC invocations=68 (full 0):
 garbage-first heap   total 405504K, used 200536K [0x0000000600000000, 0x0000000800000000)
  region size 4096K, 3 young (12288K), 3 survivors (12288K)
 Metaspace       used 98558K, committed 99648K, reserved 1179648K
  class space    used 13835K, committed 14336K, reserved 1048576K
}
Event: 85.602 GC heap before
{Heap before GC invocations=68 (full 0):
 garbage-first heap   total 405504K, used 327512K [0x0000000600000000, 0x0000000800000000)
  region size 4096K, 35 young (143360K), 3 survivors (12288K)
 Metaspace       used 98809K, committed 99968K, reserved 1179648K
  class space    used 13865K, committed 14400K, reserved 1048576K
}
Event: 85.632 GC heap after
{Heap after GC invocations=69 (full 0):
 garbage-first heap   total 405504K, used 205685K [0x0000000600000000, 0x0000000800000000)
  region size 4096K, 4 young (16384K), 4 survivors (16384K)
 Metaspace       used 98809K, committed 99968K, reserved 1179648K
  class space    used 13865K, committed 14400K, reserved 1048576K
}
Event: 86.951 GC heap before
{Heap before GC invocations=69 (full 0):
 garbage-first heap   total 405504K, used 320373K [0x0000000600000000, 0x0000000800000000)
  region size 4096K, 33 young (135168K), 4 survivors (16384K)
 Metaspace       used 98980K, committed 100160K, reserved 1179648K
  class space    used 13884K, committed 14400K, reserved 1048576K
}
Event: 86.980 GC heap after
{Heap after GC invocations=70 (full 0):
 garbage-first heap   total 405504K, used 210266K [0x0000000600000000, 0x0000000800000000)
  region size 4096K, 3 young (12288K), 3 survivors (12288K)
 Metaspace       used 98980K, committed 100160K, reserved 1179648K
  class space    used 13884K, committed 14400K, reserved 1048576K
}
Event: 92.115 GC heap before
{Heap before GC invocations=70 (full 0):
 garbage-first heap   total 405504K, used 337242K [0x0000000600000000, 0x0000000800000000)
  region size 4096K, 33 young (135168K), 3 survivors (12288K)
 Metaspace       used 99846K, committed 101184K, reserved 1179648K
  class space    used 13998K, committed 14592K, reserved 1048576K
}
Event: 92.153 GC heap after
{Heap after GC invocations=71 (full 0):
 garbage-first heap   total 405504K, used 231364K [0x0000000600000000, 0x0000000800000000)
  region size 4096K, 5 young (20480K), 5 survivors (20480K)
 Metaspace       used 99846K, committed 101184K, reserved 1179648K
  class space    used 13998K, committed 14592K, reserved 1048576K
}
Event: 93.832 GC heap before
{Heap before GC invocations=71 (full 0):
 garbage-first heap   total 405504K, used 329668K [0x0000000600000000, 0x0000000800000000)
  region size 4096K, 30 young (122880K), 5 survivors (20480K)
 Metaspace       used 100009K, committed 101312K, reserved 1179648K
  class space    used 14018K, committed 14592K, reserved 1048576K
}
Event: 93.879 GC heap after
{Heap after GC invocations=72 (full 0):
 garbage-first heap   total 405504K, used 239714K [0x0000000600000000, 0x0000000800000000)
  region size 4096K, 2 young (8192K), 2 survivors (8192K)
 Metaspace       used 100009K, committed 101312K, reserved 1179648K
  class space    used 14018K, committed 14592K, reserved 1048576K
}
Event: 95.835 GC heap before
{Heap before GC invocations=72 (full 0):
 garbage-first heap   total 405504K, used 333922K [0x0000000600000000, 0x0000000800000000)
  region size 4096K, 26 young (106496K), 2 survivors (8192K)
 Metaspace       used 100146K, committed 101440K, reserved 1179648K
  class space    used 14034K, committed 14592K, reserved 1048576K
}
Event: 95.854 GC heap after
{Heap after GC invocations=73 (full 0):
 garbage-first heap   total 487424K, used 242583K [0x0000000600000000, 0x0000000800000000)
  region size 4096K, 3 young (12288K), 3 survivors (12288K)
 Metaspace       used 100146K, committed 101440K, reserved 1179648K
  class space    used 14034K, committed 14592K, reserved 1048576K
}
Event: 100.555 GC heap before
{Heap before GC invocations=73 (full 0):
 garbage-first heap   total 487424K, used 385943K [0x0000000600000000, 0x0000000800000000)
  region size 4096K, 39 young (159744K), 3 survivors (12288K)
 Metaspace       used 106607K, committed 107968K, reserved 1179648K
  class space    used 14905K, committed 15488K, reserved 1048576K
}
Event: 100.613 GC heap after
{Heap after GC invocations=74 (full 0):
 garbage-first heap   total 487424K, used 256100K [0x0000000600000000, 0x0000000800000000)
  region size 4096K, 5 young (20480K), 5 survivors (20480K)
 Metaspace       used 106607K, committed 107968K, reserved 1179648K
  class space    used 14905K, committed 15488K, reserved 1048576K
}
Event: 104.125 GC heap before
{Heap before GC invocations=74 (full 0):
 garbage-first heap   total 487424K, used 391268K [0x0000000600000000, 0x0000000800000000)
  region size 4096K, 39 young (159744K), 5 survivors (20480K)
 Metaspace       used 112350K, committed 113984K, reserved 1179648K
  class space    used 15660K, committed 16384K, reserved 1048576K
}
Event: 104.192 GC heap after
{Heap after GC invocations=75 (full 0):
 garbage-first heap   total 487424K, used 273735K [0x0000000600000000, 0x0000000800000000)
  region size 4096K, 5 young (20480K), 5 survivors (20480K)
 Metaspace       used 112350K, committed 113984K, reserved 1179648K
  class space    used 15660K, committed 16384K, reserved 1048576K
}

