# JRE version: Java(TM) SE Runtime Environment (17.0.12+8) (build 17.0.12+8-LTS-286)
# Java VM: Java HotSpot(TM) 64-Bit Server VM (17.0.12+8-LTS-286, mixed mode, sharing, tiered, compressed oops, compressed class ptrs, g1 gc, windows-amd64)
GC Precious Log:
 CPUs: 4 total, 4 available
 Memory: 8067M
 Large Page Support: Disabled
 NUMA Support: Disabled
 Compressed Oops: Enabled (Zero based)
 Heap Region Size: 4M
 Heap Min Capacity: 8M
 Heap Initial Capacity: 128M
 Heap Max Capacity: 8G
 Pre-touch: Disabled
 Parallel Workers: 4
 Concurrent Workers: 1
 Concurrent Refinement Workers: 4
 Periodic GC: Disabled
Heap:
 garbage-first heap   total 851968K, used 342959K [0x0000000600000000, 0x0000000800000000)
  region size 4096K, 21 young (86016K), 8 survivors (32768K)
 Metaspace       used 135258K, committed 137024K, reserved 1179648K
  class space    used 18089K, committed 18944K, reserved 1048576K
GC Heap History (20 events):
Event: 48.600 GC heap before
{Heap before GC invocations=54 (full 0):
 garbage-first heap   total 262144K, used 150543K [0x0000000600000000, 0x0000000800000000)
  region size 4096K, 4 young (16384K), 3 survivors (12288K)
 Metaspace       used 83779K, committed 84672K, reserved 1179648K
  class space    used 11603K, committed 12032K, reserved 1048576K
}
Event: 48.621 GC heap after
{Heap after GC invocations=55 (full 0):
 garbage-first heap   total 425984K, used 146528K [0x0000000600000000, 0x0000000800000000)
  region size 4096K, 1 young (4096K), 1 survivors (4096K)
 Metaspace       used 83779K, committed 84672K, reserved 1179648K
  class space    used 11603K, committed 12032K, reserved 1048576K
}
Event: 52.846 GC heap before
{Heap before GC invocations=55 (full 0):
 garbage-first heap   total 425984K, used 322656K [0x0000000600000000, 0x0000000800000000)
  region size 4096K, 44 young (180224K), 1 survivors (4096K)
 Metaspace       used 94597K, committed 95552K, reserved 1179648K
  class space    used 13211K, committed 13696K, reserved 1048576K
}
Event: 52.865 GC heap after
{Heap after GC invocations=56 (full 0):
 garbage-first heap   total 425984K, used 153709K [0x0000000600000000, 0x0000000800000000)
  region size 4096K, 3 young (12288K), 3 survivors (12288K)
 Metaspace       used 94597K, committed 95552K, reserved 1179648K
  class space    used 13211K, committed 13696K, reserved 1048576K
}
Event: 56.615 GC heap before
{Heap before GC invocations=56 (full 0):
 garbage-first heap   total 425984K, used 333933K [0x0000000600000000, 0x0000000800000000)
  region size 4096K, 47 young (192512K), 3 survivors (12288K)
 Metaspace       used 97835K, committed 98880K, reserved 1179648K
  class space    used 13720K, committed 14208K, reserved 1048576K
}
Event: 56.657 GC heap after
{Heap after GC invocations=57 (full 0):
 garbage-first heap   total 425984K, used 169403K [0x0000000600000000, 0x0000000800000000)
  region size 4096K, 6 young (24576K), 6 survivors (24576K)
 Metaspace       used 97835K, committed 98880K, reserved 1179648K
  class space    used 13720K, committed 14208K, reserved 1048576K
}
Event: 59.244 GC heap before
{Heap before GC invocations=57 (full 0):
 garbage-first heap   total 425984K, used 333243K [0x0000000600000000, 0x0000000800000000)
  region size 4096K, 47 young (192512K), 6 survivors (24576K)
 Metaspace       used 98075K, committed 99072K, reserved 1179648K
  class space    used 13736K, committed 14208K, reserved 1048576K
}
Event: 59.298 GC heap after
{Heap after GC invocations=58 (full 0):
 garbage-first heap   total 425984K, used 181599K [0x0000000600000000, 0x0000000800000000)
  region size 4096K, 4 young (16384K), 4 survivors (16384K)
 Metaspace       used 98075K, committed 99072K, reserved 1179648K
  class space    used 13736K, committed 14208K, reserved 1048576K
}
Event: 61.808 GC heap before
{Heap before GC invocations=58 (full 0):
 garbage-first heap   total 425984K, used 341343K [0x0000000600000000, 0x0000000800000000)
  region size 4096K, 42 young (172032K), 4 survivors (16384K)
 Metaspace       used 98589K, committed 99712K, reserved 1179648K
  class space    used 13788K, committed 14336K, reserved 1048576K
}
Event: 61.839 GC heap after
{Heap after GC invocations=59 (full 0):
 garbage-first heap   total 425984K, used 195249K [0x0000000600000000, 0x0000000800000000)
  region size 4096K, 3 young (12288K), 3 survivors (12288K)
 Metaspace       used 98589K, committed 99712K, reserved 1179648K
  class space    used 13788K, committed 14336K, reserved 1048576K
}
Event: 63.161 GC heap before
{Heap before GC invocations=59 (full 0):
 garbage-first heap   total 425984K, used 338609K [0x0000000600000000, 0x0000000800000000)
  region size 4096K, 39 young (159744K), 3 survivors (12288K)
 Metaspace       used 98775K, committed 99840K, reserved 1179648K
  class space    used 13810K, committed 14336K, reserved 1048576K
}
Event: 63.197 GC heap after
{Heap after GC invocations=60 (full 0):
 garbage-first heap   total 851968K, used 201971K [0x0000000600000000, 0x0000000800000000)
  region size 4096K, 2 young (8192K), 2 survivors (8192K)
 Metaspace       used 98775K, committed 99840K, reserved 1179648K
  class space    used 13810K, committed 14336K, reserved 1048576K
}
Event: 69.267 GC heap before
{Heap before GC invocations=60 (full 0):
 garbage-first heap   total 851968K, used 595187K [0x0000000600000000, 0x0000000800000000)
  region size 4096K, 98 young (401408K), 2 survivors (8192K)
 Metaspace       used 100023K, committed 101248K, reserved 1179648K
  class space    used 13972K, committed 14528K, reserved 1048576K
}
Event: 69.343 GC heap after
{Heap after GC invocations=61 (full 0):
 garbage-first heap   total 851968K, used 231916K [0x0000000600000000, 0x0000000800000000)
  region size 4096K, 9 young (36864K), 9 survivors (36864K)
 Metaspace       used 100023K, committed 101248K, reserved 1179648K
  class space    used 13972K, committed 14528K, reserved 1048576K
}
Event: 77.613 GC heap before
{Heap before GC invocations=61 (full 0):
 garbage-first heap   total 851968K, used 657900K [0x0000000600000000, 0x0000000800000000)
  region size 4096K, 114 young (466944K), 9 survivors (36864K)
 Metaspace       used 109015K, committed 110464K, reserved 1179648K
  class space    used 15153K, committed 15808K, reserved 1048576K
}
Event: 77.741 GC heap after
{Heap after GC invocations=62 (full 0):
 garbage-first heap   total 851968K, used 268298K [0x0000000600000000, 0x0000000800000000)
  region size 4096K, 15 young (61440K), 15 survivors (61440K)
 Metaspace       used 109015K, committed 110464K, reserved 1179648K
  class space    used 15153K, committed 15808K, reserved 1048576K
}
Event: 151.094 GC heap before
{Heap before GC invocations=62 (full 0):
 garbage-first heap   total 851968K, used 661514K [0x0000000600000000, 0x0000000800000000)
  region size 4096K, 112 young (458752K), 15 survivors (61440K)
 Metaspace       used 117053K, committed 118592K, reserved 1179648K
  class space    used 15911K, committed 16640K, reserved 1048576K
}
Event: 151.221 GC heap after
{Heap after GC invocations=63 (full 0):
 garbage-first heap   total 851968K, used 289122K [0x0000000600000000, 0x0000000800000000)
  region size 4096K, 6 young (24576K), 6 survivors (24576K)
 Metaspace       used 117053K, committed 118592K, reserved 1179648K
  class space    used 15911K, committed 16640K, reserved 1048576K
}
Event: 190.840 GC heap before
{Heap before GC invocations=63 (full 0):
 garbage-first heap   total 851968K, used 670050K [0x0000000600000000, 0x0000000800000000)
  region size 4096K, 100 young (409600K), 6 survivors (24576K)
 Metaspace       used 134498K, committed 136192K, reserved 1179648K
  class space    used 18021K, committed 18816K, reserved 1048576K
}
Event: 190.909 GC heap after
{Heap after GC invocations=64 (full 0):
 garbage-first heap   total 851968K, used 297903K [0x0000000600000000, 0x0000000800000000)
  region size 4096K, 8 young (32768K), 8 survivors (32768K)
 Metaspace       used 134498K, committed 136192K, reserved 1179648K
  class space    used 18021K, committed 18816K, reserved 1048576K
}

