# JRE version: Java(TM) SE Runtime Environment (17.0.12+8) (build 17.0.12+8-LTS-286)
# Java VM: Java HotSpot(TM) 64-Bit Server VM (17.0.12+8-LTS-286, mixed mode, sharing, tiered, compressed oops, compressed class ptrs, g1 gc, windows-amd64)
GC Precious Log:
 CPUs: 4 total, 4 available
 Memory: 8067M
 Large Page Support: Disabled
 NUMA Support: Disabled
 Compressed Oops: Enabled (Zero based)
 Heap Region Size: 4M
 Heap Min Capacity: 8M
 Heap Initial Capacity: 128M
 Heap Max Capacity: 8G
 Pre-touch: Disabled
 Parallel Workers: 4
 Concurrent Workers: 1
 Concurrent Refinement Workers: 4
 Periodic GC: Disabled
Heap:
 garbage-first heap   total 253952K, used 162704K [0x0000000600000000, 0x0000000800000000)
  region size 4096K, 4 young (16384K), 1 survivors (4096K)
 Metaspace       used 93929K, committed 94848K, reserved 1179648K
  class space    used 13101K, committed 13568K, reserved 1048576K
GC Heap History (20 events):
Event: 80.392 GC heap before
{Heap before GC invocations=55 (full 0):
 garbage-first heap   total 172032K, used 140133K [0x0000000600000000, 0x0000000800000000)
  region size 4096K, 5 young (20480K), 1 survivors (4096K)
 Metaspace       used 81725K, committed 82496K, reserved 1179648K
  class space    used 11345K, committed 11712K, reserved 1048576K
}
Event: 80.401 GC heap after
{Heap after GC invocations=56 (full 0):
 garbage-first heap   total 208896K, used 124818K [0x0000000600000000, 0x0000000800000000)
  region size 4096K, 1 young (4096K), 1 survivors (4096K)
 Metaspace       used 81725K, committed 82496K, reserved 1179648K
  class space    used 11345K, committed 11712K, reserved 1048576K
}
Event: 82.077 GC heap before
{Heap before GC invocations=56 (full 0):
 garbage-first heap   total 208896K, used 165778K [0x0000000600000000, 0x0000000800000000)
  region size 4096K, 12 young (49152K), 1 survivors (4096K)
 Metaspace       used 81986K, committed 82752K, reserved 1179648K
  class space    used 11352K, committed 11712K, reserved 1048576K
}
Event: 82.092 GC heap after
{Heap after GC invocations=57 (full 0):
 garbage-first heap   total 208896K, used 128930K [0x0000000600000000, 0x0000000800000000)
  region size 4096K, 2 young (8192K), 2 survivors (8192K)
 Metaspace       used 81986K, committed 82752K, reserved 1179648K
  class space    used 11352K, committed 11712K, reserved 1048576K
}
Event: 82.866 GC heap before
{Heap before GC invocations=57 (full 0):
 garbage-first heap   total 208896K, used 169890K [0x0000000600000000, 0x0000000800000000)
  region size 4096K, 12 young (49152K), 2 survivors (8192K)
 Metaspace       used 81986K, committed 82752K, reserved 1179648K
  class space    used 11352K, committed 11712K, reserved 1048576K
}
Event: 82.877 GC heap after
{Heap after GC invocations=58 (full 0):
 garbage-first heap   total 208896K, used 129929K [0x0000000600000000, 0x0000000800000000)
  region size 4096K, 1 young (4096K), 1 survivors (4096K)
 Metaspace       used 81986K, committed 82752K, reserved 1179648K
  class space    used 11352K, committed 11712K, reserved 1048576K
}
Event: 83.555 GC heap before
{Heap before GC invocations=58 (full 0):
 garbage-first heap   total 208896K, used 170889K [0x0000000600000000, 0x0000000800000000)
  region size 4096K, 11 young (45056K), 1 survivors (4096K)
 Metaspace       used 81987K, committed 82752K, reserved 1179648K
  class space    used 11352K, committed 11712K, reserved 1048576K
}
Event: 83.564 GC heap after
{Heap after GC invocations=59 (full 0):
 garbage-first heap   total 208896K, used 130892K [0x0000000600000000, 0x0000000800000000)
  region size 4096K, 1 young (4096K), 1 survivors (4096K)
 Metaspace       used 81987K, committed 82752K, reserved 1179648K
  class space    used 11352K, committed 11712K, reserved 1048576K
}
Event: 86.398 GC heap before
{Heap before GC invocations=59 (full 0):
 garbage-first heap   total 208896K, used 171852K [0x0000000600000000, 0x0000000800000000)
  region size 4096K, 11 young (45056K), 1 survivors (4096K)
 Metaspace       used 82034K, committed 82816K, reserved 1179648K
  class space    used 11357K, committed 11712K, reserved 1048576K
}
Event: 86.407 GC heap after
{Heap after GC invocations=60 (full 0):
 garbage-first heap   total 208896K, used 144064K [0x0000000600000000, 0x0000000800000000)
  region size 4096K, 2 young (8192K), 2 survivors (8192K)
 Metaspace       used 82034K, committed 82816K, reserved 1179648K
  class space    used 11357K, committed 11712K, reserved 1048576K
}
Event: 87.250 GC heap before
{Heap before GC invocations=60 (full 0):
 garbage-first heap   total 208896K, used 160448K [0x0000000600000000, 0x0000000800000000)
  region size 4096K, 7 young (28672K), 2 survivors (8192K)
 Metaspace       used 83707K, committed 84608K, reserved 1179648K
  class space    used 11583K, committed 12032K, reserved 1048576K
}
Event: 87.260 GC heap after
{Heap after GC invocations=61 (full 0):
 garbage-first heap   total 208896K, used 146157K [0x0000000600000000, 0x0000000800000000)
  region size 4096K, 1 young (4096K), 1 survivors (4096K)
 Metaspace       used 83707K, committed 84608K, reserved 1179648K
  class space    used 11583K, committed 12032K, reserved 1048576K
}
Event: 87.929 GC heap before
{Heap before GC invocations=61 (full 0):
 garbage-first heap   total 208896K, used 162541K [0x0000000600000000, 0x0000000800000000)
  region size 4096K, 5 young (20480K), 1 survivors (4096K)
 Metaspace       used 83939K, committed 84800K, reserved 1179648K
  class space    used 11610K, committed 12032K, reserved 1048576K
}
Event: 87.938 GC heap after
{Heap after GC invocations=62 (full 0):
 garbage-first heap   total 253952K, used 148924K [0x0000000600000000, 0x0000000800000000)
  region size 4096K, 1 young (4096K), 1 survivors (4096K)
 Metaspace       used 83939K, committed 84800K, reserved 1179648K
  class space    used 11610K, committed 12032K, reserved 1048576K
}
Event: 90.864 GC heap before
{Heap before GC invocations=62 (full 0):
 garbage-first heap   total 253952K, used 202172K [0x0000000600000000, 0x0000000800000000)
  region size 4096K, 14 young (57344K), 1 survivors (4096K)
 Metaspace       used 85999K, committed 86912K, reserved 1179648K
  class space    used 11895K, committed 12352K, reserved 1048576K
}
Event: 90.873 GC heap after
{Heap after GC invocations=63 (full 0):
 garbage-first heap   total 253952K, used 151027K [0x0000000600000000, 0x0000000800000000)
  region size 4096K, 2 young (8192K), 2 survivors (8192K)
 Metaspace       used 85999K, committed 86912K, reserved 1179648K
  class space    used 11895K, committed 12352K, reserved 1048576K
}
Event: 94.142 GC heap before
{Heap before GC invocations=63 (full 0):
 garbage-first heap   total 253952K, used 200179K [0x0000000600000000, 0x0000000800000000)
  region size 4096K, 14 young (57344K), 2 survivors (8192K)
 Metaspace       used 89711K, committed 90624K, reserved 1179648K
  class space    used 12549K, committed 12992K, reserved 1048576K
}
Event: 94.155 GC heap after
{Heap after GC invocations=64 (full 0):
 garbage-first heap   total 253952K, used 152784K [0x0000000600000000, 0x0000000800000000)
  region size 4096K, 2 young (8192K), 2 survivors (8192K)
 Metaspace       used 89711K, committed 90624K, reserved 1179648K
  class space    used 12549K, committed 12992K, reserved 1048576K
}
Event: 97.059 GC heap before
{Heap before GC invocations=64 (full 0):
 garbage-first heap   total 253952K, used 206032K [0x0000000600000000, 0x0000000800000000)
  region size 4096K, 15 young (61440K), 2 survivors (8192K)
 Metaspace       used 93330K, committed 94208K, reserved 1179648K
  class space    used 13014K, committed 13440K, reserved 1048576K
}
Event: 97.075 GC heap after
{Heap after GC invocations=65 (full 0):
 garbage-first heap   total 253952K, used 154512K [0x0000000600000000, 0x0000000800000000)
  region size 4096K, 1 young (4096K), 1 survivors (4096K)
 Metaspace       used 93330K, committed 94208K, reserved 1179648K
  class space    used 13014K, committed 13440K, reserved 1048576K
}

