# JRE version: Java(TM) SE Runtime Environment (17.0.12+8) (build 17.0.12+8-LTS-286)
# Java VM: Java HotSpot(TM) 64-Bit Server VM (17.0.12+8-LTS-286, mixed mode, sharing, tiered, compressed oops, compressed class ptrs, g1 gc, windows-amd64)
GC Precious Log:
 CPUs: 4 total, 4 available
 Memory: 8067M
 Large Page Support: Disabled
 NUMA Support: Disabled
 Compressed Oops: Enabled (Zero based)
 Heap Region Size: 4M
 Heap Min Capacity: 8M
 Heap Initial Capacity: 128M
 Heap Max Capacity: 8G
 Pre-touch: Disabled
 Parallel Workers: 4
 Concurrent Workers: 1
 Concurrent Refinement Workers: 4
 Periodic GC: Disabled
Heap:
 garbage-first heap   total 671744K, used 542447K [0x0000000600000000, 0x0000000800000000)
  region size 4096K, 52 young (212992K), 2 survivors (8192K)
 Metaspace       used 157683K, committed 159488K, reserved 1245184K
  class space    used 20608K, committed 21440K, reserved 1048576K
GC Heap History (20 events):
Event: 446.654 GC heap before
{Heap before GC invocations=125 (full 0):
 garbage-first heap   total 450560K, used 398797K [0x0000000600000000, 0x0000000800000000)
  region size 4096K, 5 young (20480K), 1 survivors (4096K)
 Metaspace       used 152541K, committed 154432K, reserved 1245184K
  class space    used 20186K, committed 21056K, reserved 1048576K
}
Event: 446.665 GC heap after
{Heap after GC invocations=126 (full 0):
 garbage-first heap   total 450560K, used 388360K [0x0000000600000000, 0x0000000800000000)
  region size 4096K, 1 young (4096K), 1 survivors (4096K)
 Metaspace       used 152541K, committed 154432K, reserved 1245184K
  class space    used 20186K, committed 21056K, reserved 1048576K
}
Event: 447.499 GC heap before
{Heap before GC invocations=126 (full 0):
 garbage-first heap   total 450560K, used 404744K [0x0000000600000000, 0x0000000800000000)
  region size 4096K, 5 young (20480K), 1 survivors (4096K)
 Metaspace       used 152596K, committed 154496K, reserved 1245184K
  class space    used 20192K, committed 21056K, reserved 1048576K
}
Event: 447.511 GC heap after
{Heap after GC invocations=127 (full 0):
 garbage-first heap   total 450560K, used 393168K [0x0000000600000000, 0x0000000800000000)
  region size 4096K, 1 young (4096K), 1 survivors (4096K)
 Metaspace       used 152596K, committed 154496K, reserved 1245184K
  class space    used 20192K, committed 21056K, reserved 1048576K
}
Event: 448.647 GC heap before
{Heap before GC invocations=127 (full 0):
 garbage-first heap   total 450560K, used 405456K [0x0000000600000000, 0x0000000800000000)
  region size 4096K, 5 young (20480K), 1 survivors (4096K)
 Metaspace       used 152632K, committed 154496K, reserved 1245184K
  class space    used 20192K, committed 21056K, reserved 1048576K
}
Event: 448.659 GC heap after
{Heap after GC invocations=128 (full 0):
 garbage-first heap   total 450560K, used 395889K [0x0000000600000000, 0x0000000800000000)
  region size 4096K, 1 young (4096K), 1 survivors (4096K)
 Metaspace       used 152632K, committed 154496K, reserved 1245184K
  class space    used 20192K, committed 21056K, reserved 1048576K
}
Event: 452.049 GC heap before
{Heap before GC invocations=129 (full 0):
 garbage-first heap   total 671744K, used 420465K [0x0000000600000000, 0x0000000800000000)
  region size 4096K, 8 young (32768K), 1 survivors (4096K)
 Metaspace       used 152140K, committed 154304K, reserved 1245184K
  class space    used 20141K, committed 21056K, reserved 1048576K
}
Event: 452.064 GC heap after
{Heap after GC invocations=130 (full 0):
 garbage-first heap   total 671744K, used 394141K [0x0000000600000000, 0x0000000800000000)
  region size 4096K, 1 young (4096K), 1 survivors (4096K)
 Metaspace       used 152140K, committed 154304K, reserved 1245184K
  class space    used 20141K, committed 21056K, reserved 1048576K
}
Event: 456.337 GC heap before
{Heap before GC invocations=130 (full 0):
 garbage-first heap   total 671744K, used 418717K [0x0000000600000000, 0x0000000800000000)
  region size 4096K, 8 young (32768K), 1 survivors (4096K)
 Metaspace       used 152790K, committed 154624K, reserved 1245184K
  class space    used 20226K, committed 21056K, reserved 1048576K
}
Event: 456.365 GC heap after
{Heap after GC invocations=131 (full 0):
 garbage-first heap   total 671744K, used 335507K [0x0000000600000000, 0x0000000800000000)
  region size 4096K, 1 young (4096K), 1 survivors (4096K)
 Metaspace       used 152790K, committed 154624K, reserved 1245184K
  class space    used 20226K, committed 21056K, reserved 1048576K
}
Event: 460.733 GC heap before
{Heap before GC invocations=131 (full 0):
 garbage-first heap   total 671744K, used 511635K [0x0000000600000000, 0x0000000800000000)
  region size 4096K, 45 young (184320K), 1 survivors (4096K)
 Metaspace       used 154114K, committed 155968K, reserved 1245184K
  class space    used 20347K, committed 21184K, reserved 1048576K
}
Event: 460.751 GC heap after
{Heap after GC invocations=132 (full 0):
 garbage-first heap   total 671744K, used 339914K [0x0000000600000000, 0x0000000800000000)
  region size 4096K, 2 young (8192K), 2 survivors (8192K)
 Metaspace       used 154114K, committed 155968K, reserved 1245184K
  class space    used 20347K, committed 21184K, reserved 1048576K
}
Event: 484.510 GC heap before
{Heap before GC invocations=132 (full 0):
 garbage-first heap   total 671744K, used 544714K [0x0000000600000000, 0x0000000800000000)
  region size 4096K, 53 young (217088K), 2 survivors (8192K)
 Metaspace       used 154841K, committed 156736K, reserved 1245184K
  class space    used 20407K, committed 21248K, reserved 1048576K
}
Event: 484.532 GC heap after
{Heap after GC invocations=133 (full 0):
 garbage-first heap   total 671744K, used 352561K [0x0000000600000000, 0x0000000800000000)
  region size 4096K, 5 young (20480K), 5 survivors (20480K)
 Metaspace       used 154841K, committed 156736K, reserved 1245184K
  class space    used 20407K, committed 21248K, reserved 1048576K
}
Event: 496.152 GC heap before
{Heap before GC invocations=133 (full 0):
 garbage-first heap   total 671744K, used 540977K [0x0000000600000000, 0x0000000800000000)
  region size 4096K, 52 young (212992K), 5 survivors (20480K)
 Metaspace       used 155546K, committed 157376K, reserved 1245184K
  class space    used 20422K, committed 21248K, reserved 1048576K
}
Event: 496.173 GC heap after
{Heap after GC invocations=134 (full 0):
 garbage-first heap   total 671744K, used 349028K [0x0000000600000000, 0x0000000800000000)
  region size 4096K, 3 young (12288K), 3 survivors (12288K)
 Metaspace       used 155546K, committed 157376K, reserved 1245184K
  class space    used 20422K, committed 21248K, reserved 1048576K
}
Event: 498.949 GC heap before
{Heap before GC invocations=134 (full 0):
 garbage-first heap   total 671744K, used 545636K [0x0000000600000000, 0x0000000800000000)
  region size 4096K, 52 young (212992K), 3 survivors (12288K)
 Metaspace       used 155589K, committed 157440K, reserved 1245184K
  class space    used 20423K, committed 21248K, reserved 1048576K
}
Event: 498.962 GC heap after
{Heap after GC invocations=135 (full 0):
 garbage-first heap   total 671744K, used 349714K [0x0000000600000000, 0x0000000800000000)
  region size 4096K, 3 young (12288K), 3 survivors (12288K)
 Metaspace       used 155589K, committed 157440K, reserved 1245184K
  class space    used 20423K, committed 21248K, reserved 1048576K
}
Event: 506.970 GC heap before
{Heap before GC invocations=135 (full 0):
 garbage-first heap   total 671744K, used 558610K [0x0000000600000000, 0x0000000800000000)
  region size 4096K, 54 young (221184K), 3 survivors (12288K)
 Metaspace       used 157367K, committed 159232K, reserved 1245184K
  class space    used 20604K, committed 21440K, reserved 1048576K
}
Event: 506.980 GC heap after
{Heap after GC invocations=136 (full 0):
 garbage-first heap   total 671744K, used 345839K [0x0000000600000000, 0x0000000800000000)
  region size 4096K, 2 young (8192K), 2 survivors (8192K)
 Metaspace       used 157367K, committed 159232K, reserved 1245184K
  class space    used 20604K, committed 21440K, reserved 1048576K
}

