# JRE version: Java(TM) SE Runtime Environment (17.0.12+8) (build 17.0.12+8-LTS-286)
# Java VM: Java HotSpot(TM) 64-Bit Server VM (17.0.12+8-LTS-286, mixed mode, sharing, tiered, compressed oops, compressed class ptrs, g1 gc, windows-amd64)
GC Precious Log:
 CPUs: 4 total, 4 available
 Memory: 8067M
 Large Page Support: Disabled
 NUMA Support: Disabled
 Compressed Oops: Enabled (Zero based)
 Heap Region Size: 4M
 Heap Min Capacity: 8M
 Heap Initial Capacity: 128M
 Heap Max Capacity: 8G
 Pre-touch: Disabled
 Parallel Workers: 4
 Concurrent Workers: 1
 Concurrent Refinement Workers: 4
 Periodic GC: Disabled
Heap:
 garbage-first heap   total 622592K, used 378498K [0x0000000600000000, 0x0000000800000000)
  region size 4096K, 7 young (28672K), 1 survivors (4096K)
 Metaspace       used 237415K, committed 239168K, reserved 1310720K
  class space    used 30639K, committed 31488K, reserved 1048576K
GC Heap History (20 events):
Event: 350.860 GC heap before
{Heap before GC invocations=100 (full 0):
 garbage-first heap   total 512000K, used 415590K [0x0000000600000000, 0x0000000800000000)
  region size 4096K, 40 young (163840K), 5 survivors (20480K)
 Metaspace       used 188769K, committed 190336K, reserved 1245184K
  class space    used 24817K, committed 25536K, reserved 1048576K
}
Event: 350.908 GC heap after
{Heap after GC invocations=101 (full 0):
 garbage-first heap   total 512000K, used 296819K [0x0000000600000000, 0x0000000800000000)
  region size 4096K, 5 young (20480K), 5 survivors (20480K)
 Metaspace       used 188769K, committed 190336K, reserved 1245184K
  class space    used 24817K, committed 25536K, reserved 1048576K
}
Event: 355.834 GC heap before
{Heap before GC invocations=101 (full 0):
 garbage-first heap   total 512000K, used 341875K [0x0000000600000000, 0x0000000800000000)
  region size 4096K, 17 young (69632K), 5 survivors (20480K)
 Metaspace       used 193438K, committed 195072K, reserved 1245184K
  class space    used 25205K, committed 25984K, reserved 1048576K
}
Event: 355.865 GC heap after
{Heap after GC invocations=102 (full 0):
 garbage-first heap   total 512000K, used 303131K [0x0000000600000000, 0x0000000800000000)
  region size 4096K, 2 young (8192K), 2 survivors (8192K)
 Metaspace       used 193438K, committed 195072K, reserved 1245184K
  class space    used 25205K, committed 25984K, reserved 1048576K
}
Event: 368.318 GC heap before
{Heap before GC invocations=103 (full 0):
 garbage-first heap   total 532480K, used 450587K [0x0000000600000000, 0x0000000800000000)
  region size 4096K, 31 young (126976K), 2 survivors (8192K)
 Metaspace       used 203966K, committed 205568K, reserved 1245184K
  class space    used 26476K, committed 27200K, reserved 1048576K
}
Event: 368.342 GC heap after
{Heap after GC invocations=104 (full 0):
 garbage-first heap   total 532480K, used 318047K [0x0000000600000000, 0x0000000800000000)
  region size 4096K, 4 young (16384K), 4 survivors (16384K)
 Metaspace       used 203966K, committed 205568K, reserved 1245184K
  class space    used 26476K, committed 27200K, reserved 1048576K
}
Event: 368.688 GC heap before
{Heap before GC invocations=104 (full 0):
 garbage-first heap   total 532480K, used 326239K [0x0000000600000000, 0x0000000800000000)
  region size 4096K, 6 young (24576K), 4 survivors (16384K)
 Metaspace       used 204504K, committed 206144K, reserved 1245184K
  class space    used 26564K, committed 27328K, reserved 1048576K
}
Event: 368.714 GC heap after
{Heap after GC invocations=105 (full 0):
 garbage-first heap   total 532480K, used 319701K [0x0000000600000000, 0x0000000800000000)
  region size 4096K, 1 young (4096K), 1 survivors (4096K)
 Metaspace       used 204504K, committed 206144K, reserved 1245184K
  class space    used 26564K, committed 27328K, reserved 1048576K
}
Event: 373.838 GC heap before
{Heap before GC invocations=105 (full 0):
 garbage-first heap   total 532480K, used 434389K [0x0000000600000000, 0x0000000800000000)
  region size 4096K, 30 young (122880K), 1 survivors (4096K)
 Metaspace       used 211825K, committed 213376K, reserved 1245184K
  class space    used 27513K, committed 28224K, reserved 1048576K
}
Event: 373.862 GC heap after
{Heap after GC invocations=106 (full 0):
 garbage-first heap   total 532480K, used 326811K [0x0000000600000000, 0x0000000800000000)
  region size 4096K, 3 young (12288K), 3 survivors (12288K)
 Metaspace       used 211825K, committed 213376K, reserved 1245184K
  class space    used 27513K, committed 28224K, reserved 1048576K
}
Event: 379.500 GC heap before
{Heap before GC invocations=107 (full 0):
 garbage-first heap   total 581632K, used 429211K [0x0000000600000000, 0x0000000800000000)
  region size 4096K, 29 young (118784K), 3 survivors (12288K)
 Metaspace       used 220939K, committed 222656K, reserved 1245184K
  class space    used 28625K, committed 29440K, reserved 1048576K
}
Event: 379.532 GC heap after
{Heap after GC invocations=108 (full 0):
 garbage-first heap   total 581632K, used 336196K [0x0000000600000000, 0x0000000800000000)
  region size 4096K, 3 young (12288K), 3 survivors (12288K)
 Metaspace       used 220939K, committed 222656K, reserved 1245184K
  class space    used 28625K, committed 29440K, reserved 1048576K
}
Event: 380.093 GC heap before
{Heap before GC invocations=108 (full 0):
 garbage-first heap   total 581632K, used 352580K [0x0000000600000000, 0x0000000800000000)
  region size 4096K, 7 young (28672K), 3 survivors (12288K)
 Metaspace       used 221552K, committed 223232K, reserved 1245184K
  class space    used 28709K, committed 29504K, reserved 1048576K
}
Event: 380.131 GC heap after
{Heap after GC invocations=109 (full 0):
 garbage-first heap   total 581632K, used 334792K [0x0000000600000000, 0x0000000800000000)
  region size 4096K, 1 young (4096K), 1 survivors (4096K)
 Metaspace       used 221552K, committed 223232K, reserved 1245184K
  class space    used 28709K, committed 29504K, reserved 1048576K
}
Event: 385.398 GC heap before
{Heap before GC invocations=109 (full 0):
 garbage-first heap   total 581632K, used 474056K [0x0000000600000000, 0x0000000800000000)
  region size 4096K, 36 young (147456K), 1 survivors (4096K)
 Metaspace       used 229140K, committed 230784K, reserved 1310720K
  class space    used 29393K, committed 30144K, reserved 1048576K
}
Event: 385.422 GC heap after
{Heap after GC invocations=110 (full 0):
 garbage-first heap   total 581632K, used 341967K [0x0000000600000000, 0x0000000800000000)
  region size 4096K, 3 young (12288K), 3 survivors (12288K)
 Metaspace       used 229140K, committed 230784K, reserved 1310720K
  class space    used 29393K, committed 30144K, reserved 1048576K
}
Event: 395.674 GC heap before
{Heap before GC invocations=111 (full 0):
 garbage-first heap   total 622592K, used 473039K [0x0000000600000000, 0x0000000800000000)
  region size 4096K, 36 young (147456K), 3 survivors (12288K)
 Metaspace       used 237044K, committed 238784K, reserved 1310720K
  class space    used 30585K, committed 31424K, reserved 1048576K
}
Event: 395.718 GC heap after
{Heap after GC invocations=112 (full 0):
 garbage-first heap   total 622592K, used 354307K [0x0000000600000000, 0x0000000800000000)
  region size 4096K, 5 young (20480K), 5 survivors (20480K)
 Metaspace       used 237044K, committed 238784K, reserved 1310720K
  class space    used 30585K, committed 31424K, reserved 1048576K
}
Event: 395.803 GC heap before
{Heap before GC invocations=112 (full 0):
 garbage-first heap   total 622592K, used 362499K [0x0000000600000000, 0x0000000800000000)
  region size 4096K, 7 young (28672K), 5 survivors (20480K)
 Metaspace       used 237090K, committed 238784K, reserved 1310720K
  class space    used 30590K, committed 31424K, reserved 1048576K
}
Event: 395.844 GC heap after
{Heap after GC invocations=113 (full 0):
 garbage-first heap   total 622592K, used 358018K [0x0000000600000000, 0x0000000800000000)
  region size 4096K, 1 young (4096K), 1 survivors (4096K)
 Metaspace       used 237090K, committed 238784K, reserved 1310720K
  class space    used 30590K, committed 31424K, reserved 1048576K
}

