# JRE version: Java(TM) SE Runtime Environment (17.0.12+8) (build 17.0.12+8-LTS-286)
# Java VM: Java HotSpot(TM) 64-Bit Server VM (17.0.12+8-LTS-286, mixed mode, sharing, tiered, compressed oops, compressed class ptrs, g1 gc, windows-amd64)
GC Precious Log:
 CPUs: 4 total, 4 available
 Memory: 8067M
 Large Page Support: Disabled
 NUMA Support: Disabled
 Compressed Oops: Enabled (Zero based)
 Heap Region Size: 4M
 Heap Min Capacity: 8M
 Heap Initial Capacity: 128M
 Heap Max Capacity: 8G
 Pre-touch: Disabled
 Parallel Workers: 4
 Concurrent Workers: 1
 Concurrent Refinement Workers: 4
 Periodic GC: Disabled
Heap:
 garbage-first heap   total 589824K, used 470934K [0x0000000600000000, 0x0000000800000000)
  region size 4096K, 38 young (155648K), 2 survivors (8192K)
 Metaspace       used 172375K, committed 174016K, reserved 1245184K
  class space    used 22530K, committed 23296K, reserved 1048576K
GC Heap History (20 events):
Event: 287.755 GC heap before
{Heap before GC invocations=73 (full 0):
 garbage-first heap   total 589824K, used 462975K [0x0000000600000000, 0x0000000800000000)
  region size 4096K, 60 young (245760K), 7 survivors (28672K)
 Metaspace       used 156163K, committed 157248K, reserved 1245184K
  class space    used 20528K, committed 21056K, reserved 1048576K
}
Event: 287.818 GC heap after
{Heap after GC invocations=74 (full 0):
 garbage-first heap   total 589824K, used 263720K [0x0000000600000000, 0x0000000800000000)
  region size 4096K, 5 young (20480K), 5 survivors (20480K)
 Metaspace       used 156163K, committed 157248K, reserved 1245184K
  class space    used 20528K, committed 21056K, reserved 1048576K
}
Event: 294.040 GC heap before
{Heap before GC invocations=74 (full 0):
 garbage-first heap   total 589824K, used 464424K [0x0000000600000000, 0x0000000800000000)
  region size 4096K, 54 young (221184K), 5 survivors (20480K)
 Metaspace       used 156579K, committed 157696K, reserved 1245184K
  class space    used 20571K, committed 21056K, reserved 1048576K
}
Event: 294.088 GC heap after
{Heap after GC invocations=75 (full 0):
 garbage-first heap   total 589824K, used 273199K [0x0000000600000000, 0x0000000800000000)
  region size 4096K, 3 young (12288K), 3 survivors (12288K)
 Metaspace       used 156579K, committed 157696K, reserved 1245184K
  class space    used 20571K, committed 21056K, reserved 1048576K
}
Event: 299.754 GC heap before
{Heap before GC invocations=76 (full 0):
 garbage-first heap   total 589824K, used 469807K [0x0000000600000000, 0x0000000800000000)
  region size 4096K, 52 young (212992K), 3 survivors (12288K)
 Metaspace       used 156879K, committed 158016K, reserved 1245184K
  class space    used 20614K, committed 21120K, reserved 1048576K
}
Event: 299.852 GC heap after
{Heap after GC invocations=77 (full 0):
 garbage-first heap   total 589824K, used 279665K [0x0000000600000000, 0x0000000800000000)
  region size 4096K, 5 young (20480K), 5 survivors (20480K)
 Metaspace       used 156879K, committed 158016K, reserved 1245184K
  class space    used 20614K, committed 21120K, reserved 1048576K
}
Event: 300.778 GC heap before
{Heap before GC invocations=77 (full 0):
 garbage-first heap   total 589824K, used 287857K [0x0000000600000000, 0x0000000800000000)
  region size 4096K, 7 young (28672K), 5 survivors (20480K)
 Metaspace       used 156915K, committed 158144K, reserved 1245184K
  class space    used 20619K, committed 21184K, reserved 1048576K
}
Event: 300.816 GC heap after
{Heap after GC invocations=78 (full 0):
 garbage-first heap   total 589824K, used 275112K [0x0000000600000000, 0x0000000800000000)
  region size 4096K, 1 young (4096K), 1 survivors (4096K)
 Metaspace       used 156915K, committed 158144K, reserved 1245184K
  class space    used 20619K, committed 21184K, reserved 1048576K
}
Event: 310.609 GC heap before
{Heap before GC invocations=78 (full 0):
 garbage-first heap   total 589824K, used 475816K [0x0000000600000000, 0x0000000800000000)
  region size 4096K, 50 young (204800K), 1 survivors (4096K)
 Metaspace       used 157426K, committed 158720K, reserved 1245184K
  class space    used 20708K, committed 21312K, reserved 1048576K
}
Event: 310.632 GC heap after
{Heap after GC invocations=79 (full 0):
 garbage-first heap   total 589824K, used 296420K [0x0000000600000000, 0x0000000800000000)
  region size 4096K, 6 young (24576K), 6 survivors (24576K)
 Metaspace       used 157426K, committed 158720K, reserved 1245184K
  class space    used 20708K, committed 21312K, reserved 1048576K
}
Event: 316.790 GC heap before
{Heap before GC invocations=79 (full 0):
 garbage-first heap   total 589824K, used 468452K [0x0000000600000000, 0x0000000800000000)
  region size 4096K, 49 young (200704K), 6 survivors (24576K)
 Metaspace       used 157790K, committed 159104K, reserved 1245184K
  class space    used 20769K, committed 21376K, reserved 1048576K
}
Event: 316.831 GC heap after
{Heap after GC invocations=80 (full 0):
 garbage-first heap   total 589824K, used 307150K [0x0000000600000000, 0x0000000800000000)
  region size 4096K, 4 young (16384K), 4 survivors (16384K)
 Metaspace       used 157790K, committed 159104K, reserved 1245184K
  class space    used 20769K, committed 21376K, reserved 1048576K
}
Event: 326.302 GC heap before
{Heap before GC invocations=80 (full 0):
 garbage-first heap   total 589824K, used 470990K [0x0000000600000000, 0x0000000800000000)
  region size 4096K, 45 young (184320K), 4 survivors (16384K)
 Metaspace       used 163053K, committed 164416K, reserved 1245184K
  class space    used 21527K, committed 22144K, reserved 1048576K
}
Event: 326.351 GC heap after
{Heap after GC invocations=81 (full 0):
 garbage-first heap   total 589824K, used 309085K [0x0000000600000000, 0x0000000800000000)
  region size 4096K, 6 young (24576K), 6 survivors (24576K)
 Metaspace       used 163053K, committed 164416K, reserved 1245184K
  class space    used 21527K, committed 22144K, reserved 1048576K
}
Event: 397.227 GC heap before
{Heap before GC invocations=82 (full 0):
 garbage-first heap   total 589824K, used 477021K [0x0000000600000000, 0x0000000800000000)
  region size 4096K, 48 young (196608K), 6 survivors (24576K)
 Metaspace       used 167694K, committed 169152K, reserved 1245184K
  class space    used 22138K, committed 22784K, reserved 1048576K
}
Event: 397.321 GC heap after
{Heap after GC invocations=83 (full 0):
 garbage-first heap   total 589824K, used 331512K [0x0000000600000000, 0x0000000800000000)
  region size 4096K, 6 young (24576K), 6 survivors (24576K)
 Metaspace       used 167694K, committed 169152K, reserved 1245184K
  class space    used 22138K, committed 22784K, reserved 1048576K
}
Event: 397.812 GC heap before
{Heap before GC invocations=83 (full 0):
 garbage-first heap   total 589824K, used 335608K [0x0000000600000000, 0x0000000800000000)
  region size 4096K, 7 young (28672K), 6 survivors (24576K)
 Metaspace       used 167694K, committed 169152K, reserved 1245184K
  class space    used 22138K, committed 22784K, reserved 1048576K
}
Event: 397.871 GC heap after
{Heap after GC invocations=84 (full 0):
 garbage-first heap   total 589824K, used 329309K [0x0000000600000000, 0x0000000800000000)
  region size 4096K, 1 young (4096K), 1 survivors (4096K)
 Metaspace       used 167694K, committed 169152K, reserved 1245184K
  class space    used 22138K, committed 22784K, reserved 1048576K
}
Event: 412.622 GC heap before
{Heap before GC invocations=84 (full 0):
 garbage-first heap   total 589824K, used 468573K [0x0000000600000000, 0x0000000800000000)
  region size 4096K, 36 young (147456K), 1 survivors (4096K)
 Metaspace       used 170072K, committed 171712K, reserved 1245184K
  class space    used 22321K, committed 23104K, reserved 1048576K
}
Event: 412.696 GC heap after
{Heap after GC invocations=85 (full 0):
 garbage-first heap   total 589824K, used 331670K [0x0000000600000000, 0x0000000800000000)
  region size 4096K, 2 young (8192K), 2 survivors (8192K)
 Metaspace       used 170072K, committed 171712K, reserved 1245184K
  class space    used 22321K, committed 23104K, reserved 1048576K
}

